<?xml version="1.0" encoding="utf-8"?><testsuites name="pytest tests"><testsuite name="pytest" errors="0" failures="0" skipped="0" tests="3" time="0.933" timestamp="2026-06-24T01:16:48.880683+00:00" hostname="agent-env-e1c7b4ce-a8c7-42d9-a937-ea46c6616aa7"><testcase classname="backend.tests.test_apex_crm.TestRequestAccess" name="test_request_access_success" time="0.280" /><testcase classname="backend.tests.test_apex_crm.TestRequestAccess" name="test_request_access_missing_field" time="0.138" /><testcase classname="backend.tests.test_apex_crm.TestRequestAccess" name="test_root_endpoint" time="0.154" /></testsuite></testsuites>